/home/pitosalas/linorobot2_ws/src/obper/install/obper/lib/python3.12/site-packages/obper/explorer_node.py
/home/pitosalas/linorobot2_ws/src/obper/install/obper/lib/python3.12/site-packages/obper/test_costmap_subscriber.py
/home/pitosalas/linorobot2_ws/src/obper/install/obper/lib/python3.12/site-packages/obper/explore2.py
/home/pitosalas/linorobot2_ws/src/obper/install/obper/lib/python3.12/site-packages/obper/__init__.py
/home/pitosalas/linorobot2_ws/src/obper/install/obper/lib/python3.12/site-packages/obper/costmap_subsciber.py
/home/pitosalas/linorobot2_ws/src/obper/install/obper/lib/python3.12/site-packages/obper/__pycache__/explorer_node.cpython-312.pyc
/home/pitosalas/linorobot2_ws/src/obper/install/obper/lib/python3.12/site-packages/obper/__pycache__/test_costmap_subscriber.cpython-312.pyc
/home/pitosalas/linorobot2_ws/src/obper/install/obper/lib/python3.12/site-packages/obper/__pycache__/explore2.cpython-312.pyc
/home/pitosalas/linorobot2_ws/src/obper/install/obper/lib/python3.12/site-packages/obper/__pycache__/__init__.cpython-312.pyc
/home/pitosalas/linorobot2_ws/src/obper/install/obper/lib/python3.12/site-packages/obper/__pycache__/costmap_subsciber.cpython-312.pyc
/home/pitosalas/linorobot2_ws/src/obper/install/obper/share/ament_index/resource_index/packages/obper
/home/pitosalas/linorobot2_ws/src/obper/install/obper/share/obper/package.xml
/home/pitosalas/linorobot2_ws/src/obper/install/obper/share/obper/msg
/home/pitosalas/linorobot2_ws/src/obper/install/obper/share/obper/launch
/home/pitosalas/linorobot2_ws/src/obper/install/obper/share/obper/launch/bringup.launch.yaml
/home/pitosalas/linorobot2_ws/src/obper/install/obper/share/obper/config/local_costmap_params.yaml
/home/pitosalas/linorobot2_ws/src/obper/install/obper/share/obper/config/local_costmap.yaml
/home/pitosalas/linorobot2_ws/src/obper/install/obper/lib/python3.12/site-packages/obper-0.0.1-py3.12.egg-info/zip-safe
/home/pitosalas/linorobot2_ws/src/obper/install/obper/lib/python3.12/site-packages/obper-0.0.1-py3.12.egg-info/SOURCES.txt
/home/pitosalas/linorobot2_ws/src/obper/install/obper/lib/python3.12/site-packages/obper-0.0.1-py3.12.egg-info/top_level.txt
/home/pitosalas/linorobot2_ws/src/obper/install/obper/lib/python3.12/site-packages/obper-0.0.1-py3.12.egg-info/PKG-INFO
/home/pitosalas/linorobot2_ws/src/obper/install/obper/lib/python3.12/site-packages/obper-0.0.1-py3.12.egg-info/entry_points.txt
/home/pitosalas/linorobot2_ws/src/obper/install/obper/lib/python3.12/site-packages/obper-0.0.1-py3.12.egg-info/requires.txt
/home/pitosalas/linorobot2_ws/src/obper/install/obper/lib/python3.12/site-packages/obper-0.0.1-py3.12.egg-info/dependency_links.txt
/home/pitosalas/linorobot2_ws/src/obper/install/obper/lib/obper/costmap_subscriber
/home/pitosalas/linorobot2_ws/src/obper/install/obper/lib/obper/explore2
/home/pitosalas/linorobot2_ws/src/obper/install/obper/lib/obper/explorer_node
/home/pitosalas/linorobot2_ws/src/obper/install/obper/lib/obper/test_costmap_subscriber
