[4.492s] Invoking command in '/home/pitosalas/linorobot2_ws/src/obper': PYTHONPATH=/home/pitosalas/linorobot2_ws/src/obper/build/obper/prefix_override:/usr/lib/python3/dist-packages/colcon_core/task/python/colcon_distutils_commands:/home/pitosalas/linorobot2_ws/src/obper/install/obper/lib/python3.12/site-packages:${PYTHONPATH} /usr/bin/python3 -W ignore:setup.py install is deprecated -W ignore:easy_install command is deprecated setup.py egg_info --egg-base build/obper build --build-base /home/pitosalas/linorobot2_ws/src/obper/build/obper/build install --record /home/pitosalas/linorobot2_ws/src/obper/build/obper/install.log --single-version-externally-managed install_data
[5.991s] running egg_info
[5.992s] creating build/obper/obper.egg-info
[6.102s] writing build/obper/obper.egg-info/PKG-INFO
[6.103s] writing dependency_links to build/obper/obper.egg-info/dependency_links.txt
[6.104s] writing entry points to build/obper/obper.egg-info/entry_points.txt
[6.104s] writing requirements to build/obper/obper.egg-info/requires.txt
[6.105s] writing top-level names to build/obper/obper.egg-info/top_level.txt
[6.106s] writing manifest file 'build/obper/obper.egg-info/SOURCES.txt'
[6.356s] reading manifest file 'build/obper/obper.egg-info/SOURCES.txt'
[6.359s] writing manifest file 'build/obper/obper.egg-info/SOURCES.txt'
[6.360s] running build
[6.360s] running build_py
[6.361s] creating /home/pitosalas/linorobot2_ws/src/obper/build/obper/build
[6.362s] creating /home/pitosalas/linorobot2_ws/src/obper/build/obper/build/lib
[6.362s] creating /home/pitosalas/linorobot2_ws/src/obper/build/obper/build/lib/obper
[6.362s] copying obper/explorer_node.py -> /home/pitosalas/linorobot2_ws/src/obper/build/obper/build/lib/obper
[6.363s] copying obper/explore2.py -> /home/pitosalas/linorobot2_ws/src/obper/build/obper/build/lib/obper
[6.364s] copying obper/__init__.py -> /home/pitosalas/linorobot2_ws/src/obper/build/obper/build/lib/obper
[6.364s] copying obper/costmap_subsciber.py -> /home/pitosalas/linorobot2_ws/src/obper/build/obper/build/lib/obper
[6.366s] running install
[6.392s] running install_lib
[6.502s] creating /home/pitosalas/linorobot2_ws/src/obper/install/obper/lib/python3.12/site-packages/obper
[6.503s] copying /home/pitosalas/linorobot2_ws/src/obper/build/obper/build/lib/obper/explorer_node.py -> /home/pitosalas/linorobot2_ws/src/obper/install/obper/lib/python3.12/site-packages/obper
[6.504s] copying /home/pitosalas/linorobot2_ws/src/obper/build/obper/build/lib/obper/explore2.py -> /home/pitosalas/linorobot2_ws/src/obper/install/obper/lib/python3.12/site-packages/obper
[6.505s] copying /home/pitosalas/linorobot2_ws/src/obper/build/obper/build/lib/obper/__init__.py -> /home/pitosalas/linorobot2_ws/src/obper/install/obper/lib/python3.12/site-packages/obper
[6.506s] copying /home/pitosalas/linorobot2_ws/src/obper/build/obper/build/lib/obper/costmap_subsciber.py -> /home/pitosalas/linorobot2_ws/src/obper/install/obper/lib/python3.12/site-packages/obper
[6.509s] byte-compiling /home/pitosalas/linorobot2_ws/src/obper/install/obper/lib/python3.12/site-packages/obper/explorer_node.py to explorer_node.cpython-312.pyc
[6.514s] byte-compiling /home/pitosalas/linorobot2_ws/src/obper/install/obper/lib/python3.12/site-packages/obper/explore2.py to explore2.cpython-312.pyc
[6.523s] byte-compiling /home/pitosalas/linorobot2_ws/src/obper/install/obper/lib/python3.12/site-packages/obper/__init__.py to __init__.cpython-312.pyc
[6.525s] byte-compiling /home/pitosalas/linorobot2_ws/src/obper/install/obper/lib/python3.12/site-packages/obper/costmap_subsciber.py to costmap_subsciber.cpython-312.pyc
[6.530s] running install_data
[6.530s] creating /home/pitosalas/linorobot2_ws/src/obper/install/obper/share/ament_index
[6.531s] creating /home/pitosalas/linorobot2_ws/src/obper/install/obper/share/ament_index/resource_index
[6.531s] creating /home/pitosalas/linorobot2_ws/src/obper/install/obper/share/ament_index/resource_index/packages
[6.532s] copying resource/obper -> /home/pitosalas/linorobot2_ws/src/obper/install/obper/share/ament_index/resource_index/packages
[6.533s] copying package.xml -> /home/pitosalas/linorobot2_ws/src/obper/install/obper/share/obper
[6.533s] creating /home/pitosalas/linorobot2_ws/src/obper/install/obper/share/obper/msg
[6.534s] creating /home/pitosalas/linorobot2_ws/src/obper/install/obper/share/obper/launch
[6.534s] copying launch/bringup.launch.yaml -> /home/pitosalas/linorobot2_ws/src/obper/install/obper/share/obper/launch
[6.535s] creating /home/pitosalas/linorobot2_ws/src/obper/install/obper/share/obper/config
[6.536s] copying config/local_costmap_params.yaml -> /home/pitosalas/linorobot2_ws/src/obper/install/obper/share/obper/config
[6.538s] copying config/local_costmap.yaml -> /home/pitosalas/linorobot2_ws/src/obper/install/obper/share/obper/config
[6.539s] running install_egg_info
[6.661s] Copying build/obper/obper.egg-info to /home/pitosalas/linorobot2_ws/src/obper/install/obper/lib/python3.12/site-packages/obper-0.0.1-py3.12.egg-info
[6.666s] running install_scripts
[7.502s] Installing costmap_subscriber script to /home/pitosalas/linorobot2_ws/src/obper/install/obper/lib/obper
[7.503s] Installing explore2 script to /home/pitosalas/linorobot2_ws/src/obper/install/obper/lib/obper
[7.503s] Installing explorer_node script to /home/pitosalas/linorobot2_ws/src/obper/install/obper/lib/obper
[7.505s] writing list of installed files to '/home/pitosalas/linorobot2_ws/src/obper/build/obper/install.log'
[7.652s] Invoked command in '/home/pitosalas/linorobot2_ws/src/obper' returned '0': PYTHONPATH=/home/pitosalas/linorobot2_ws/src/obper/build/obper/prefix_override:/usr/lib/python3/dist-packages/colcon_core/task/python/colcon_distutils_commands:/home/pitosalas/linorobot2_ws/src/obper/install/obper/lib/python3.12/site-packages:${PYTHONPATH} /usr/bin/python3 -W ignore:setup.py install is deprecated -W ignore:easy_install command is deprecated setup.py egg_info --egg-base build/obper build --build-base /home/pitosalas/linorobot2_ws/src/obper/build/obper/build install --record /home/pitosalas/linorobot2_ws/src/obper/build/obper/install.log --single-version-externally-managed install_data
