[4.173s] Invoking command in '/home/pitosalas/linorobot2_ws/src/obstacle_perception': PS1=[\h:\w] PYTHONPATH=/home/pitosalas/linorobot2_ws/src/obstacle_perception/build/obstacle_perception/prefix_override:/usr/lib/python3/dist-packages/colcon_core/task/python/colcon_distutils_commands:/home/pitosalas/linorobot2_ws/src/obstacle_perception/install/obstacle_perception/lib/python3.12/site-packages:${PYTHONPATH} /usr/bin/python3 -W ignore:setup.py install is deprecated -W ignore:easy_install command is deprecated setup.py egg_info --egg-base build/obstacle_perception build --build-base /home/pitosalas/linorobot2_ws/src/obstacle_perception/build/obstacle_perception/build install --record /home/pitosalas/linorobot2_ws/src/obstacle_perception/build/obstacle_perception/install.log --single-version-externally-managed install_data
[5.521s] running egg_info
[5.522s] creating build/obstacle_perception/obstacle_perception.egg-info
[5.633s] writing build/obstacle_perception/obstacle_perception.egg-info/PKG-INFO
[5.635s] writing dependency_links to build/obstacle_perception/obstacle_perception.egg-info/dependency_links.txt
[5.635s] writing entry points to build/obstacle_perception/obstacle_perception.egg-info/entry_points.txt
[5.636s] writing requirements to build/obstacle_perception/obstacle_perception.egg-info/requires.txt
[5.637s] writing top-level names to build/obstacle_perception/obstacle_perception.egg-info/top_level.txt
[5.637s] writing manifest file 'build/obstacle_perception/obstacle_perception.egg-info/SOURCES.txt'
[5.869s] reading manifest file 'build/obstacle_perception/obstacle_perception.egg-info/SOURCES.txt'
[5.872s] writing manifest file 'build/obstacle_perception/obstacle_perception.egg-info/SOURCES.txt'
[5.873s] running build
[5.873s] running build_py
[5.874s] creating /home/pitosalas/linorobot2_ws/src/obstacle_perception/build/obstacle_perception/build
[5.874s] creating /home/pitosalas/linorobot2_ws/src/obstacle_perception/build/obstacle_perception/build/lib
[5.875s] creating /home/pitosalas/linorobot2_ws/src/obstacle_perception/build/obstacle_perception/build/lib/obstacle_perception
[5.875s] copying obstacle_perception/perception_node.py -> /home/pitosalas/linorobot2_ws/src/obstacle_perception/build/obstacle_perception/build/lib/obstacle_perception
[5.877s] copying obstacle_perception/__init__.py -> /home/pitosalas/linorobot2_ws/src/obstacle_perception/build/obstacle_perception/build/lib/obstacle_perception
[5.878s] copying obstacle_perception/costmap_client.py -> /home/pitosalas/linorobot2_ws/src/obstacle_perception/build/obstacle_perception/build/lib/obstacle_perception
[5.879s] copying obstacle_perception/beam_checker.py -> /home/pitosalas/linorobot2_ws/src/obstacle_perception/build/obstacle_perception/build/lib/obstacle_perception
[5.881s] running install
[5.906s] running install_lib
[6.013s] creating /home/pitosalas/linorobot2_ws/src/obstacle_perception/install/obstacle_perception/lib/python3.12/site-packages/obstacle_perception
[6.013s] copying /home/pitosalas/linorobot2_ws/src/obstacle_perception/build/obstacle_perception/build/lib/obstacle_perception/perception_node.py -> /home/pitosalas/linorobot2_ws/src/obstacle_perception/install/obstacle_perception/lib/python3.12/site-packages/obstacle_perception
[6.014s] copying /home/pitosalas/linorobot2_ws/src/obstacle_perception/build/obstacle_perception/build/lib/obstacle_perception/__init__.py -> /home/pitosalas/linorobot2_ws/src/obstacle_perception/install/obstacle_perception/lib/python3.12/site-packages/obstacle_perception
[6.015s] copying /home/pitosalas/linorobot2_ws/src/obstacle_perception/build/obstacle_perception/build/lib/obstacle_perception/costmap_client.py -> /home/pitosalas/linorobot2_ws/src/obstacle_perception/install/obstacle_perception/lib/python3.12/site-packages/obstacle_perception
[6.016s] copying /home/pitosalas/linorobot2_ws/src/obstacle_perception/build/obstacle_perception/build/lib/obstacle_perception/beam_checker.py -> /home/pitosalas/linorobot2_ws/src/obstacle_perception/install/obstacle_perception/lib/python3.12/site-packages/obstacle_perception
[6.019s] byte-compiling /home/pitosalas/linorobot2_ws/src/obstacle_perception/install/obstacle_perception/lib/python3.12/site-packages/obstacle_perception/perception_node.py to perception_node.cpython-312.pyc
[6.023s] byte-compiling /home/pitosalas/linorobot2_ws/src/obstacle_perception/install/obstacle_perception/lib/python3.12/site-packages/obstacle_perception/__init__.py to __init__.cpython-312.pyc
[6.024s] byte-compiling /home/pitosalas/linorobot2_ws/src/obstacle_perception/install/obstacle_perception/lib/python3.12/site-packages/obstacle_perception/costmap_client.py to costmap_client.cpython-312.pyc
[6.027s] byte-compiling /home/pitosalas/linorobot2_ws/src/obstacle_perception/install/obstacle_perception/lib/python3.12/site-packages/obstacle_perception/beam_checker.py to beam_checker.cpython-312.pyc
[6.031s] running install_data
[6.032s] creating /home/pitosalas/linorobot2_ws/src/obstacle_perception/install/obstacle_perception/share/ament_index
[6.033s] creating /home/pitosalas/linorobot2_ws/src/obstacle_perception/install/obstacle_perception/share/ament_index/resource_index
[6.033s] creating /home/pitosalas/linorobot2_ws/src/obstacle_perception/install/obstacle_perception/share/ament_index/resource_index/packages
[6.034s] copying resource/obstacle_perception -> /home/pitosalas/linorobot2_ws/src/obstacle_perception/install/obstacle_perception/share/ament_index/resource_index/packages
[6.035s] copying package.xml -> /home/pitosalas/linorobot2_ws/src/obstacle_perception/install/obstacle_perception/share/obstacle_perception
[6.035s] creating /home/pitosalas/linorobot2_ws/src/obstacle_perception/install/obstacle_perception/share/obstacle_perception/msg
[6.036s] creating /home/pitosalas/linorobot2_ws/src/obstacle_perception/install/obstacle_perception/share/obstacle_perception/launch
[6.037s] copying launch/costmap_only.launch.py -> /home/pitosalas/linorobot2_ws/src/obstacle_perception/install/obstacle_perception/share/obstacle_perception/launch
[6.039s] copying launch/bringup.launch.py -> /home/pitosalas/linorobot2_ws/src/obstacle_perception/install/obstacle_perception/share/obstacle_perception/launch
[6.040s] copying launch/perception_node.launch.yaml -> /home/pitosalas/linorobot2_ws/src/obstacle_perception/install/obstacle_perception/share/obstacle_perception/launch
[6.043s] copying launch/costmap_server.launch.yaml -> /home/pitosalas/linorobot2_ws/src/obstacle_perception/install/obstacle_perception/share/obstacle_perception/launch
[6.045s] creating /home/pitosalas/linorobot2_ws/src/obstacle_perception/install/obstacle_perception/share/obstacle_perception/config
[6.046s] copying config/local_costmap_params.yaml -> /home/pitosalas/linorobot2_ws/src/obstacle_perception/install/obstacle_perception/share/obstacle_perception/config
[6.048s] copying config/local_costmap.yaml -> /home/pitosalas/linorobot2_ws/src/obstacle_perception/install/obstacle_perception/share/obstacle_perception/config
[6.049s] running install_egg_info
[6.166s] Copying build/obstacle_perception/obstacle_perception.egg-info to /home/pitosalas/linorobot2_ws/src/obstacle_perception/install/obstacle_perception/lib/python3.12/site-packages/obstacle_perception-0.0.1-py3.12.egg-info
[6.172s] running install_scripts
[6.958s] Installing costmap_client script to /home/pitosalas/linorobot2_ws/src/obstacle_perception/install/obstacle_perception/lib/obstacle_perception
[6.959s] Installing perception_node script to /home/pitosalas/linorobot2_ws/src/obstacle_perception/install/obstacle_perception/lib/obstacle_perception
[6.961s] writing list of installed files to '/home/pitosalas/linorobot2_ws/src/obstacle_perception/build/obstacle_perception/install.log'
[7.111s] Invoked command in '/home/pitosalas/linorobot2_ws/src/obstacle_perception' returned '0': PS1=[\h:\w] PYTHONPATH=/home/pitosalas/linorobot2_ws/src/obstacle_perception/build/obstacle_perception/prefix_override:/usr/lib/python3/dist-packages/colcon_core/task/python/colcon_distutils_commands:/home/pitosalas/linorobot2_ws/src/obstacle_perception/install/obstacle_perception/lib/python3.12/site-packages:${PYTHONPATH} /usr/bin/python3 -W ignore:setup.py install is deprecated -W ignore:easy_install command is deprecated setup.py egg_info --egg-base build/obstacle_perception build --build-base /home/pitosalas/linorobot2_ws/src/obstacle_perception/build/obstacle_perception/build install --record /home/pitosalas/linorobot2_ws/src/obstacle_perception/build/obstacle_perception/install.log --single-version-externally-managed install_data
