[0.495s] DEBUG:colcon:Command line arguments: ['/usr/bin/colcon', 'build', '--packages-select', 'obper']
[0.495s] DEBUG:colcon:Parsed command line arguments: Namespace(log_base=None, log_level=None, verb_name='build', build_base='build', install_base='install', merge_install=False, symlink_install=False, test_result_base=None, continue_on_error=False, executor='parallel', parallel_workers=4, event_handlers=None, ignore_user_meta=False, metas=['./colcon.meta'], base_paths=['.'], packages_ignore=None, packages_ignore_regex=None, paths=None, packages_up_to=None, packages_up_to_regex=None, packages_above=None, packages_above_and_dependencies=None, packages_above_depth=None, packages_select_by_dep=None, packages_skip_by_dep=None, packages_skip_up_to=None, packages_select_build_failed=False, packages_skip_build_finished=False, packages_select_test_failures=False, packages_skip_test_passed=False, packages_select=['obper'], packages_skip=None, packages_select_regex=None, packages_skip_regex=None, packages_start=None, packages_end=None, allow_overriding=[], cmake_args=None, cmake_target=None, cmake_target_skip_unavailable=False, cmake_clean_cache=False, cmake_clean_first=False, cmake_force_configure=False, ament_cmake_args=None, catkin_cmake_args=None, catkin_skip_building_tests=False, mixin_files=None, mixin=None, verb_parser=<colcon_mixin.mixin.mixin_argument.MixinArgumentDecorator object at 0xffff9c6b4c50>, verb_extension=<colcon_core.verb.build.BuildVerb object at 0xffff9c6b4980>, main=<bound method BuildVerb.main of <colcon_core.verb.build.BuildVerb object at 0xffff9c6b4980>>, mixin_verb=('build',))
[0.679s] Level 1:colcon.colcon_core.package_discovery:discover_packages(colcon_meta) check parameters
[0.680s] Level 1:colcon.colcon_core.package_discovery:discover_packages(recursive) check parameters
[0.680s] Level 1:colcon.colcon_core.package_discovery:discover_packages(ignore) check parameters
[0.680s] Level 1:colcon.colcon_core.package_discovery:discover_packages(path) check parameters
[0.680s] Level 1:colcon.colcon_core.package_discovery:discover_packages(colcon_meta) discover
[0.681s] Level 1:colcon.colcon_core.package_discovery:discover_packages(recursive) discover
[0.681s] INFO:colcon.colcon_core.package_discovery:Crawling recursively for packages in '/home/pitosalas/linorobot2_ws/src/obper'
[0.681s] Level 1:colcon.colcon_core.package_identification:_identify(.) by extensions ['ignore', 'ignore_ament_install']
[0.682s] Level 1:colcon.colcon_core.package_identification:_identify(.) by extension 'ignore'
[0.682s] Level 1:colcon.colcon_core.package_identification:_identify(.) by extension 'ignore_ament_install'
[0.683s] Level 1:colcon.colcon_core.package_identification:_identify(.) by extensions ['colcon_pkg']
[0.683s] Level 1:colcon.colcon_core.package_identification:_identify(.) by extension 'colcon_pkg'
[0.683s] Level 1:colcon.colcon_core.package_identification:_identify(.) by extensions ['colcon_meta']
[0.683s] Level 1:colcon.colcon_core.package_identification:_identify(.) by extension 'colcon_meta'
[0.684s] Level 1:colcon.colcon_core.package_identification:_identify(.) by extensions ['ros']
[0.684s] Level 1:colcon.colcon_core.package_identification:_identify(.) by extension 'ros'
[0.803s] DEBUG:colcon.colcon_core.package_identification:Package '.' with type 'ros.ament_python' and name 'obper'
[0.803s] Level 1:colcon.colcon_core.package_discovery:discover_packages(recursive) using defaults
[0.804s] Level 1:colcon.colcon_core.package_discovery:discover_packages(ignore) discover
[0.804s] Level 1:colcon.colcon_core.package_discovery:discover_packages(ignore) using defaults
[0.804s] Level 1:colcon.colcon_core.package_discovery:discover_packages(path) discover
[0.804s] Level 1:colcon.colcon_core.package_discovery:discover_packages(path) using defaults
[0.878s] Level 1:colcon.colcon_core.package_discovery:discover_packages(prefix_path) check parameters
[0.878s] Level 1:colcon.colcon_core.package_discovery:discover_packages(prefix_path) discover
[0.894s] DEBUG:colcon.colcon_installed_package_information.package_discovery:Found 16 installed packages in /home/pitosalas/linorobot2_ws/install
[0.897s] DEBUG:colcon.colcon_installed_package_information.package_discovery:Found 2 installed packages in /home/pitosalas/uros_ws/install
[0.910s] DEBUG:colcon.colcon_installed_package_information.package_discovery:Found 397 installed packages in /opt/ros/jazzy
[0.918s] Level 1:colcon.colcon_core.package_discovery:discover_packages(prefix_path) using defaults
[1.175s] Level 5:colcon.colcon_core.verb:set package 'obper' build argument 'cmake_args' from command line to 'None'
[1.175s] Level 5:colcon.colcon_core.verb:set package 'obper' build argument 'cmake_target' from command line to 'None'
[1.175s] Level 5:colcon.colcon_core.verb:set package 'obper' build argument 'cmake_target_skip_unavailable' from command line to 'False'
[1.175s] Level 5:colcon.colcon_core.verb:set package 'obper' build argument 'cmake_clean_cache' from command line to 'False'
[1.175s] Level 5:colcon.colcon_core.verb:set package 'obper' build argument 'cmake_clean_first' from command line to 'False'
[1.175s] Level 5:colcon.colcon_core.verb:set package 'obper' build argument 'cmake_force_configure' from command line to 'False'
[1.175s] Level 5:colcon.colcon_core.verb:set package 'obper' build argument 'ament_cmake_args' from command line to 'None'
[1.175s] Level 5:colcon.colcon_core.verb:set package 'obper' build argument 'catkin_cmake_args' from command line to 'None'
[1.176s] Level 5:colcon.colcon_core.verb:set package 'obper' build argument 'catkin_skip_building_tests' from command line to 'False'
[1.176s] DEBUG:colcon.colcon_core.verb:Building package 'obper' with the following arguments: {'ament_cmake_args': None, 'build_base': '/home/pitosalas/linorobot2_ws/src/obper/build/obper', 'catkin_cmake_args': None, 'catkin_skip_building_tests': False, 'cmake_args': None, 'cmake_clean_cache': False, 'cmake_clean_first': False, 'cmake_force_configure': False, 'cmake_target': None, 'cmake_target_skip_unavailable': False, 'install_base': '/home/pitosalas/linorobot2_ws/src/obper/install/obper', 'merge_install': False, 'path': '/home/pitosalas/linorobot2_ws/src/obper', 'symlink_install': False, 'test_result_base': None}
[1.176s] INFO:colcon.colcon_core.executor:Executing jobs using 'parallel' executor
[1.179s] DEBUG:colcon.colcon_parallel_executor.executor.parallel:run_until_complete
[1.180s] INFO:colcon.colcon_ros.task.ament_python.build:Building ROS package in '/home/pitosalas/linorobot2_ws/src/obper' with build type 'ament_python'
[1.181s] Level 1:colcon.colcon_core.shell:create_environment_hook('obper', 'ament_prefix_path')
[1.192s] INFO:colcon.colcon_core.plugin_system:Skipping extension 'colcon_core.shell.bat': Not used on non-Windows systems
[1.193s] INFO:colcon.colcon_core.shell:Creating environment hook '/home/pitosalas/linorobot2_ws/src/obper/install/obper/share/obper/hook/ament_prefix_path.ps1'
[1.195s] INFO:colcon.colcon_core.shell:Creating environment descriptor '/home/pitosalas/linorobot2_ws/src/obper/install/obper/share/obper/hook/ament_prefix_path.dsv'
[1.197s] INFO:colcon.colcon_core.shell:Creating environment hook '/home/pitosalas/linorobot2_ws/src/obper/install/obper/share/obper/hook/ament_prefix_path.sh'
[1.200s] INFO:colcon.colcon_core.shell:Skip shell extension 'powershell' for command environment: Not usable outside of PowerShell
[1.200s] DEBUG:colcon.colcon_core.shell:Skip shell extension 'dsv' for command environment
[2.401s] INFO:colcon.colcon_core.task.python.build:Building Python package in '/home/pitosalas/linorobot2_ws/src/obper'
[2.402s] INFO:colcon.colcon_core.shell:Skip shell extension 'powershell' for command environment: Not usable outside of PowerShell
[2.402s] DEBUG:colcon.colcon_core.shell:Skip shell extension 'dsv' for command environment
[5.744s] DEBUG:colcon.colcon_core.event_handler.log_command:Invoking command in '/home/pitosalas/linorobot2_ws/src/obper': PYTHONPATH=/home/pitosalas/linorobot2_ws/src/obper/build/obper/prefix_override:/usr/lib/python3/dist-packages/colcon_core/task/python/colcon_distutils_commands:/home/pitosalas/linorobot2_ws/src/obper/install/obper/lib/python3.12/site-packages:${PYTHONPATH} /usr/bin/python3 -W ignore:setup.py install is deprecated -W ignore:easy_install command is deprecated setup.py egg_info --egg-base build/obper build --build-base /home/pitosalas/linorobot2_ws/src/obper/build/obper/build install --record /home/pitosalas/linorobot2_ws/src/obper/build/obper/install.log --single-version-externally-managed install_data
[8.937s] DEBUG:colcon.colcon_core.event_handler.log_command:Invoked command in '/home/pitosalas/linorobot2_ws/src/obper' returned '0': PYTHONPATH=/home/pitosalas/linorobot2_ws/src/obper/build/obper/prefix_override:/usr/lib/python3/dist-packages/colcon_core/task/python/colcon_distutils_commands:/home/pitosalas/linorobot2_ws/src/obper/install/obper/lib/python3.12/site-packages:${PYTHONPATH} /usr/bin/python3 -W ignore:setup.py install is deprecated -W ignore:easy_install command is deprecated setup.py egg_info --egg-base build/obper build --build-base /home/pitosalas/linorobot2_ws/src/obper/build/obper/build install --record /home/pitosalas/linorobot2_ws/src/obper/build/obper/install.log --single-version-externally-managed install_data
[8.948s] Level 1:colcon.colcon_core.environment:checking '/home/pitosalas/linorobot2_ws/src/obper/install/obper' for CMake module files
[8.951s] Level 1:colcon.colcon_core.environment:checking '/home/pitosalas/linorobot2_ws/src/obper/install/obper' for CMake config files
[8.956s] Level 1:colcon.colcon_core.environment:checking '/home/pitosalas/linorobot2_ws/src/obper/install/obper/lib'
[8.957s] Level 1:colcon.colcon_core.environment:checking '/home/pitosalas/linorobot2_ws/src/obper/install/obper/bin'
[8.957s] Level 1:colcon.colcon_core.environment:checking '/home/pitosalas/linorobot2_ws/src/obper/install/obper/lib/pkgconfig/obper.pc'
[8.958s] Level 1:colcon.colcon_core.environment:checking '/home/pitosalas/linorobot2_ws/src/obper/install/obper/lib/python3.12/site-packages'
[8.959s] Level 1:colcon.colcon_core.shell:create_environment_hook('obper', 'pythonpath')
[8.960s] INFO:colcon.colcon_core.shell:Creating environment hook '/home/pitosalas/linorobot2_ws/src/obper/install/obper/share/obper/hook/pythonpath.ps1'
[8.962s] INFO:colcon.colcon_core.shell:Creating environment descriptor '/home/pitosalas/linorobot2_ws/src/obper/install/obper/share/obper/hook/pythonpath.dsv'
[8.963s] INFO:colcon.colcon_core.shell:Creating environment hook '/home/pitosalas/linorobot2_ws/src/obper/install/obper/share/obper/hook/pythonpath.sh'
[8.966s] Level 1:colcon.colcon_core.environment:checking '/home/pitosalas/linorobot2_ws/src/obper/install/obper/bin'
[8.967s] Level 1:colcon.colcon_core.environment:create_environment_scripts_only(obper)
[8.968s] INFO:colcon.colcon_core.shell:Creating package script '/home/pitosalas/linorobot2_ws/src/obper/install/obper/share/obper/package.ps1'
[8.972s] INFO:colcon.colcon_core.shell:Creating package descriptor '/home/pitosalas/linorobot2_ws/src/obper/install/obper/share/obper/package.dsv'
[8.975s] INFO:colcon.colcon_core.shell:Creating package script '/home/pitosalas/linorobot2_ws/src/obper/install/obper/share/obper/package.sh'
[8.978s] INFO:colcon.colcon_core.shell:Creating package script '/home/pitosalas/linorobot2_ws/src/obper/install/obper/share/obper/package.bash'
[8.983s] INFO:colcon.colcon_core.shell:Creating package script '/home/pitosalas/linorobot2_ws/src/obper/install/obper/share/obper/package.zsh'
[8.985s] Level 1:colcon.colcon_core.environment:create_file_with_runtime_dependencies(/home/pitosalas/linorobot2_ws/src/obper/install/obper/share/colcon-core/packages/obper)
[8.986s] DEBUG:colcon.colcon_parallel_executor.executor.parallel:closing loop
[8.988s] DEBUG:colcon.colcon_parallel_executor.executor.parallel:loop closed
[8.989s] DEBUG:colcon.colcon_parallel_executor.executor.parallel:run_until_complete finished with '0'
[8.989s] DEBUG:colcon.colcon_core.event_reactor:joining thread
[9.019s] INFO:colcon.colcon_core.plugin_system:Skipping extension 'colcon_notification.desktop_notification.notify_send': Could not find 'notify-send'
[9.019s] INFO:colcon.colcon_core.plugin_system:Skipping extension 'colcon_notification.desktop_notification.terminal_notifier': Not used on non-Darwin systems
[9.019s] INFO:colcon.colcon_core.plugin_system:Skipping extension 'colcon_notification.desktop_notification.win32': Not used on non-Windows systems
[9.019s] INFO:colcon.colcon_notification.desktop_notification:Sending desktop notification using 'notify2'
[9.022s] DEBUG:colcon.colcon_notification.desktop_notification.notify2:Failed to initialize notify2: org.freedesktop.DBus.Error.ServiceUnknown: The name org.freedesktop.Notifications was not provided by any .service files
[9.023s] DEBUG:colcon.colcon_core.event_reactor:joined thread
[9.024s] INFO:colcon.colcon_core.shell:Creating prefix script '/home/pitosalas/linorobot2_ws/src/obper/install/local_setup.ps1'
[9.027s] INFO:colcon.colcon_core.shell:Creating prefix util module '/home/pitosalas/linorobot2_ws/src/obper/install/_local_setup_util_ps1.py'
[9.032s] INFO:colcon.colcon_core.shell:Creating prefix chain script '/home/pitosalas/linorobot2_ws/src/obper/install/setup.ps1'
[9.041s] INFO:colcon.colcon_core.shell:Creating prefix script '/home/pitosalas/linorobot2_ws/src/obper/install/local_setup.sh'
[9.043s] INFO:colcon.colcon_core.shell:Creating prefix util module '/home/pitosalas/linorobot2_ws/src/obper/install/_local_setup_util_sh.py'
[9.046s] INFO:colcon.colcon_core.shell:Creating prefix chain script '/home/pitosalas/linorobot2_ws/src/obper/install/setup.sh'
[9.055s] INFO:colcon.colcon_core.shell:Creating prefix script '/home/pitosalas/linorobot2_ws/src/obper/install/local_setup.bash'
[9.057s] INFO:colcon.colcon_core.shell:Creating prefix chain script '/home/pitosalas/linorobot2_ws/src/obper/install/setup.bash'
[9.065s] INFO:colcon.colcon_core.shell:Creating prefix script '/home/pitosalas/linorobot2_ws/src/obper/install/local_setup.zsh'
[9.068s] INFO:colcon.colcon_core.shell:Creating prefix chain script '/home/pitosalas/linorobot2_ws/src/obper/install/setup.zsh'
