[4.545s] Invoking command in '/home/pitosalas/linorobot2_ws/src/obper': PS1=[\h:\w] PYTHONPATH=/home/pitosalas/linorobot2_ws/src/obper/build/obper/prefix_override:/usr/lib/python3/dist-packages/colcon_core/task/python/colcon_distutils_commands:/home/pitosalas/linorobot2_ws/src/obper/install/obper/lib/python3.12/site-packages:${PYTHONPATH} /usr/bin/python3 -W ignore:setup.py install is deprecated -W ignore:easy_install command is deprecated setup.py egg_info --egg-base build/obper build --build-base /home/pitosalas/linorobot2_ws/src/obper/build/obper/build install --record /home/pitosalas/linorobot2_ws/src/obper/build/obper/install.log --single-version-externally-managed install_data
[5.991s] running egg_info
[6.100s] writing build/obper/obper.egg-info/PKG-INFO
[6.102s] writing dependency_links to build/obper/obper.egg-info/dependency_links.txt
[6.103s] writing entry points to build/obper/obper.egg-info/entry_points.txt
[6.105s] writing requirements to build/obper/obper.egg-info/requires.txt
[6.105s] writing top-level names to build/obper/obper.egg-info/top_level.txt
[6.334s] reading manifest file 'build/obper/obper.egg-info/SOURCES.txt'
[6.338s] writing manifest file 'build/obper/obper.egg-info/SOURCES.txt'
[6.339s] running build
[6.340s] running build_py
[6.341s] copying obper/test_costmap_subscriber.py -> /home/pitosalas/linorobot2_ws/src/obper/build/obper/build/lib/obper
[6.342s] copying obper/costmap_subsciber.py -> /home/pitosalas/linorobot2_ws/src/obper/build/obper/build/lib/obper
[6.344s] running install
[6.369s] running install_lib
[6.480s] copying /home/pitosalas/linorobot2_ws/src/obper/build/obper/build/lib/obper/test_costmap_subscriber.py -> /home/pitosalas/linorobot2_ws/src/obper/install/obper/lib/python3.12/site-packages/obper
[6.481s] copying /home/pitosalas/linorobot2_ws/src/obper/build/obper/build/lib/obper/costmap_subsciber.py -> /home/pitosalas/linorobot2_ws/src/obper/install/obper/lib/python3.12/site-packages/obper
[6.485s] byte-compiling /home/pitosalas/linorobot2_ws/src/obper/install/obper/lib/python3.12/site-packages/obper/test_costmap_subscriber.py to test_costmap_subscriber.cpython-312.pyc
[6.488s] byte-compiling /home/pitosalas/linorobot2_ws/src/obper/install/obper/lib/python3.12/site-packages/obper/costmap_subsciber.py to costmap_subsciber.cpython-312.pyc
[6.496s] running install_data
[6.498s] running install_egg_info
[6.616s] removing '/home/pitosalas/linorobot2_ws/src/obper/install/obper/lib/python3.12/site-packages/obper-0.0.1-py3.12.egg-info' (and everything under it)
[6.617s] Copying build/obper/obper.egg-info to /home/pitosalas/linorobot2_ws/src/obper/install/obper/lib/python3.12/site-packages/obper-0.0.1-py3.12.egg-info
[6.629s] running install_scripts
[7.460s] Installing costmap_subscriber script to /home/pitosalas/linorobot2_ws/src/obper/install/obper/lib/obper
[7.461s] Installing explore2 script to /home/pitosalas/linorobot2_ws/src/obper/install/obper/lib/obper
[7.463s] Installing explorer_node script to /home/pitosalas/linorobot2_ws/src/obper/install/obper/lib/obper
[7.464s] Installing test_costmap_subscriber script to /home/pitosalas/linorobot2_ws/src/obper/install/obper/lib/obper
[7.465s] writing list of installed files to '/home/pitosalas/linorobot2_ws/src/obper/build/obper/install.log'
[7.615s] Invoked command in '/home/pitosalas/linorobot2_ws/src/obper' returned '0': PS1=[\h:\w] PYTHONPATH=/home/pitosalas/linorobot2_ws/src/obper/build/obper/prefix_override:/usr/lib/python3/dist-packages/colcon_core/task/python/colcon_distutils_commands:/home/pitosalas/linorobot2_ws/src/obper/install/obper/lib/python3.12/site-packages:${PYTHONPATH} /usr/bin/python3 -W ignore:setup.py install is deprecated -W ignore:easy_install command is deprecated setup.py egg_info --egg-base build/obper build --build-base /home/pitosalas/linorobot2_ws/src/obper/build/obper/build install --record /home/pitosalas/linorobot2_ws/src/obper/build/obper/install.log --single-version-externally-managed install_data
