[8.040s] Invoking command in '/home/pitosalas/linorobot2_ws/src/obper': PYTHONPATH=/home/pitosalas/linorobot2_ws/src/obper/build/obper/prefix_override:/usr/lib/python3/dist-packages/colcon_core/task/python/colcon_distutils_commands:/home/pitosalas/linorobot2_ws/src/obper/install/obper/lib/python3.12/site-packages:${PYTHONPATH} /usr/bin/python3 -W ignore:setup.py install is deprecated -W ignore:easy_install command is deprecated setup.py egg_info --egg-base build/obper build --build-base /home/pitosalas/linorobot2_ws/src/obper/build/obper/build install --record /home/pitosalas/linorobot2_ws/src/obper/build/obper/install.log --single-version-externally-managed install_data
[11.085s] running egg_info
[11.393s] writing build/obper/obper.egg-info/PKG-INFO
[11.402s] writing dependency_links to build/obper/obper.egg-info/dependency_links.txt
[11.408s] writing entry points to build/obper/obper.egg-info/entry_points.txt
[11.415s] writing requirements to build/obper/obper.egg-info/requires.txt
[11.422s] writing top-level names to build/obper/obper.egg-info/top_level.txt
[11.994s] reading manifest file 'build/obper/obper.egg-info/SOURCES.txt'
[11.999s] writing manifest file 'build/obper/obper.egg-info/SOURCES.txt'
[12.001s] running build
[12.002s] running build_py
[12.004s] running install
[12.035s] running install_lib
[12.311s] running install_data
[12.314s] running install_egg_info
[12.612s] removing '/home/pitosalas/linorobot2_ws/src/obper/install/obper/lib/python3.12/site-packages/obper-0.0.1-py3.12.egg-info' (and everything under it)
[12.617s] Copying build/obper/obper.egg-info to /home/pitosalas/linorobot2_ws/src/obper/install/obper/lib/python3.12/site-packages/obper-0.0.1-py3.12.egg-info
[12.625s] running install_scripts
[14.195s] Installing costmap_subscriber script to /home/pitosalas/linorobot2_ws/src/obper/install/obper/lib/obper
[14.197s] Installing explore2 script to /home/pitosalas/linorobot2_ws/src/obper/install/obper/lib/obper
[14.199s] Installing explorer_node script to /home/pitosalas/linorobot2_ws/src/obper/install/obper/lib/obper
[14.200s] writing list of installed files to '/home/pitosalas/linorobot2_ws/src/obper/build/obper/install.log'
[14.391s] Invoked command in '/home/pitosalas/linorobot2_ws/src/obper' returned '0': PYTHONPATH=/home/pitosalas/linorobot2_ws/src/obper/build/obper/prefix_override:/usr/lib/python3/dist-packages/colcon_core/task/python/colcon_distutils_commands:/home/pitosalas/linorobot2_ws/src/obper/install/obper/lib/python3.12/site-packages:${PYTHONPATH} /usr/bin/python3 -W ignore:setup.py install is deprecated -W ignore:easy_install command is deprecated setup.py egg_info --egg-base build/obper build --build-base /home/pitosalas/linorobot2_ws/src/obper/build/obper/build install --record /home/pitosalas/linorobot2_ws/src/obper/build/obper/install.log --single-version-externally-managed install_data
