running egg_info
writing build/obstacle_perception/obstacle_perception.egg-info/PKG-INFO
writing dependency_links to build/obstacle_perception/obstacle_perception.egg-info/dependency_links.txt
writing entry points to build/obstacle_perception/obstacle_perception.egg-info/entry_points.txt
writing requirements to build/obstacle_perception/obstacle_perception.egg-info/requires.txt
writing top-level names to build/obstacle_perception/obstacle_perception.egg-info/top_level.txt
reading manifest file 'build/obstacle_perception/obstacle_perception.egg-info/SOURCES.txt'
writing manifest file 'build/obstacle_perception/obstacle_perception.egg-info/SOURCES.txt'
running build
running build_py
copying obstacle_perception/explorer_node_old.py -> /home/pitosalas/linorobot2_ws/src/obstacle_perception/build/obstacle_perception/build/lib/obstacle_perception
copying obstacle_perception/costmap_subscriber.py -> /home/pitosalas/linorobot2_ws/src/obstacle_perception/build/obstacle_perception/build/lib/obstacle_perception
copying obstacle_perception/explorer_node.py -> /home/pitosalas/linorobot2_ws/src/obstacle_perception/build/obstacle_perception/build/lib/obstacle_perception
copying obstacle_perception/beam_checker.py -> /home/pitosalas/linorobot2_ws/src/obstacle_perception/build/obstacle_perception/build/lib/obstacle_perception
running install
running install_lib
copying /home/pitosalas/linorobot2_ws/src/obstacle_perception/build/obstacle_perception/build/lib/obstacle_perception/explorer_node_old.py -> /home/pitosalas/linorobot2_ws/src/obstacle_perception/install/obstacle_perception/lib/python3.12/site-packages/obstacle_perception
copying /home/pitosalas/linorobot2_ws/src/obstacle_perception/build/obstacle_perception/build/lib/obstacle_perception/costmap_subscriber.py -> /home/pitosalas/linorobot2_ws/src/obstacle_perception/install/obstacle_perception/lib/python3.12/site-packages/obstacle_perception
copying /home/pitosalas/linorobot2_ws/src/obstacle_perception/build/obstacle_perception/build/lib/obstacle_perception/explorer_node.py -> /home/pitosalas/linorobot2_ws/src/obstacle_perception/install/obstacle_perception/lib/python3.12/site-packages/obstacle_perception
copying /home/pitosalas/linorobot2_ws/src/obstacle_perception/build/obstacle_perception/build/lib/obstacle_perception/beam_checker.py -> /home/pitosalas/linorobot2_ws/src/obstacle_perception/install/obstacle_perception/lib/python3.12/site-packages/obstacle_perception
byte-compiling /home/pitosalas/linorobot2_ws/src/obstacle_perception/install/obstacle_perception/lib/python3.12/site-packages/obstacle_perception/explorer_node_old.py to explorer_node_old.cpython-312.pyc
byte-compiling /home/pitosalas/linorobot2_ws/src/obstacle_perception/install/obstacle_perception/lib/python3.12/site-packages/obstacle_perception/costmap_subscriber.py to costmap_subscriber.cpython-312.pyc
byte-compiling /home/pitosalas/linorobot2_ws/src/obstacle_perception/install/obstacle_perception/lib/python3.12/site-packages/obstacle_perception/explorer_node.py to explorer_node.cpython-312.pyc
byte-compiling /home/pitosalas/linorobot2_ws/src/obstacle_perception/install/obstacle_perception/lib/python3.12/site-packages/obstacle_perception/beam_checker.py to beam_checker.cpython-312.pyc
running install_data
copying package.xml -> /home/pitosalas/linorobot2_ws/src/obstacle_perception/install/obstacle_perception/share/obstacle_perception
running install_egg_info
removing '/home/pitosalas/linorobot2_ws/src/obstacle_perception/install/obstacle_perception/lib/python3.12/site-packages/obstacle_perception-0.0.1-py3.12.egg-info' (and everything under it)
Copying build/obstacle_perception/obstacle_perception.egg-info to /home/pitosalas/linorobot2_ws/src/obstacle_perception/install/obstacle_perception/lib/python3.12/site-packages/obstacle_perception-0.0.1-py3.12.egg-info
running install_scripts
Installing beam_checker script to /home/pitosalas/linorobot2_ws/src/obstacle_perception/install/obstacle_perception/lib/obstacle_perception
Installing costmap_client script to /home/pitosalas/linorobot2_ws/src/obstacle_perception/install/obstacle_perception/lib/obstacle_perception
Installing costmap_subscriber script to /home/pitosalas/linorobot2_ws/src/obstacle_perception/install/obstacle_perception/lib/obstacle_perception
Installing explorer_node script to /home/pitosalas/linorobot2_ws/src/obstacle_perception/install/obstacle_perception/lib/obstacle_perception
Installing perception_node script to /home/pitosalas/linorobot2_ws/src/obstacle_perception/install/obstacle_perception/lib/obstacle_perception
writing list of installed files to '/home/pitosalas/linorobot2_ws/src/obstacle_perception/build/obstacle_perception/install.log'
