[5.519s] Invoking command in '/home/pitosalas/linorobot2_ws/src/obstacle_perception': PYTHONPATH=/home/pitosalas/linorobot2_ws/src/obstacle_perception/build/obstacle_perception/prefix_override:/usr/lib/python3/dist-packages/colcon_core/task/python/colcon_distutils_commands:/home/pitosalas/linorobot2_ws/src/obstacle_perception/install/obstacle_perception/lib/python3.12/site-packages:${PYTHONPATH} /usr/bin/python3 -W ignore:setup.py install is deprecated -W ignore:easy_install command is deprecated setup.py egg_info --egg-base build/obstacle_perception build --build-base /home/pitosalas/linorobot2_ws/src/obstacle_perception/build/obstacle_perception/build install --record /home/pitosalas/linorobot2_ws/src/obstacle_perception/build/obstacle_perception/install.log --single-version-externally-managed install_data
[7.282s] running egg_info
[7.429s] writing build/obstacle_perception/obstacle_perception.egg-info/PKG-INFO
[7.434s] writing dependency_links to build/obstacle_perception/obstacle_perception.egg-info/dependency_links.txt
[7.440s] writing entry points to build/obstacle_perception/obstacle_perception.egg-info/entry_points.txt
[7.440s] writing requirements to build/obstacle_perception/obstacle_perception.egg-info/requires.txt
[7.441s] writing top-level names to build/obstacle_perception/obstacle_perception.egg-info/top_level.txt
[7.752s] reading manifest file 'build/obstacle_perception/obstacle_perception.egg-info/SOURCES.txt'
[7.761s] writing manifest file 'build/obstacle_perception/obstacle_perception.egg-info/SOURCES.txt'
[7.762s] running build
[7.763s] running build_py
[7.764s] copying obstacle_perception/explore_purposeful.py -> /home/pitosalas/linorobot2_ws/src/obstacle_perception/build/obstacle_perception/build/lib/obstacle_perception
[7.765s] running install
[7.796s] running install_lib
[7.963s] copying /home/pitosalas/linorobot2_ws/src/obstacle_perception/build/obstacle_perception/build/lib/obstacle_perception/explore_purposeful.py -> /home/pitosalas/linorobot2_ws/src/obstacle_perception/install/obstacle_perception/lib/python3.12/site-packages/obstacle_perception
[7.967s] byte-compiling /home/pitosalas/linorobot2_ws/src/obstacle_perception/install/obstacle_perception/lib/python3.12/site-packages/obstacle_perception/explore_purposeful.py to explore_purposeful.cpython-312.pyc
[7.977s] running install_data
[7.978s] running install_egg_info
[8.136s] removing '/home/pitosalas/linorobot2_ws/src/obstacle_perception/install/obstacle_perception/lib/python3.12/site-packages/obstacle_perception-0.0.1-py3.12.egg-info' (and everything under it)
[8.140s] Copying build/obstacle_perception/obstacle_perception.egg-info to /home/pitosalas/linorobot2_ws/src/obstacle_perception/install/obstacle_perception/lib/python3.12/site-packages/obstacle_perception-0.0.1-py3.12.egg-info
[8.150s] running install_scripts
[9.186s] Installing beam_checker script to /home/pitosalas/linorobot2_ws/src/obstacle_perception/install/obstacle_perception/lib/obstacle_perception
[9.190s] Installing costmap_client script to /home/pitosalas/linorobot2_ws/src/obstacle_perception/install/obstacle_perception/lib/obstacle_perception
[9.190s] Installing costmap_subscriber script to /home/pitosalas/linorobot2_ws/src/obstacle_perception/install/obstacle_perception/lib/obstacle_perception
[9.191s] Installing explore_purposeful script to /home/pitosalas/linorobot2_ws/src/obstacle_perception/install/obstacle_perception/lib/obstacle_perception
[9.192s] Installing explorer_node script to /home/pitosalas/linorobot2_ws/src/obstacle_perception/install/obstacle_perception/lib/obstacle_perception
[9.193s] Installing perception_node script to /home/pitosalas/linorobot2_ws/src/obstacle_perception/install/obstacle_perception/lib/obstacle_perception
[9.201s] writing list of installed files to '/home/pitosalas/linorobot2_ws/src/obstacle_perception/build/obstacle_perception/install.log'
[9.383s] Invoked command in '/home/pitosalas/linorobot2_ws/src/obstacle_perception' returned '0': PYTHONPATH=/home/pitosalas/linorobot2_ws/src/obstacle_perception/build/obstacle_perception/prefix_override:/usr/lib/python3/dist-packages/colcon_core/task/python/colcon_distutils_commands:/home/pitosalas/linorobot2_ws/src/obstacle_perception/install/obstacle_perception/lib/python3.12/site-packages:${PYTHONPATH} /usr/bin/python3 -W ignore:setup.py install is deprecated -W ignore:easy_install command is deprecated setup.py egg_info --egg-base build/obstacle_perception build --build-base /home/pitosalas/linorobot2_ws/src/obstacle_perception/build/obstacle_perception/build install --record /home/pitosalas/linorobot2_ws/src/obstacle_perception/build/obstacle_perception/install.log --single-version-externally-managed install_data
