/home/pitosalas/linorobot2_ws/src/obstacle_perception/install/obstacle_perception/lib/python3.12/site-packages/obstacle_perception/costmap_subscriber.py
/home/pitosalas/linorobot2_ws/src/obstacle_perception/install/obstacle_perception/lib/python3.12/site-packages/obstacle_perception/explorer_node.py
/home/pitosalas/linorobot2_ws/src/obstacle_perception/install/obstacle_perception/lib/python3.12/site-packages/obstacle_perception/__init__.py
/home/pitosalas/linorobot2_ws/src/obstacle_perception/install/obstacle_perception/lib/python3.12/site-packages/obstacle_perception/explore_purposeful.py
/home/pitosalas/linorobot2_ws/src/obstacle_perception/install/obstacle_perception/lib/python3.12/site-packages/obstacle_perception/__pycache__/costmap_subscriber.cpython-312.pyc
/home/pitosalas/linorobot2_ws/src/obstacle_perception/install/obstacle_perception/lib/python3.12/site-packages/obstacle_perception/__pycache__/explorer_node.cpython-312.pyc
/home/pitosalas/linorobot2_ws/src/obstacle_perception/install/obstacle_perception/lib/python3.12/site-packages/obstacle_perception/__pycache__/__init__.cpython-312.pyc
/home/pitosalas/linorobot2_ws/src/obstacle_perception/install/obstacle_perception/lib/python3.12/site-packages/obstacle_perception/__pycache__/explore_purposeful.cpython-312.pyc
/home/pitosalas/linorobot2_ws/src/obstacle_perception/install/obstacle_perception/share/ament_index/resource_index/packages/obstacle_perception
/home/pitosalas/linorobot2_ws/src/obstacle_perception/install/obstacle_perception/share/obstacle_perception/package.xml
/home/pitosalas/linorobot2_ws/src/obstacle_perception/install/obstacle_perception/share/obstacle_perception/msg
/home/pitosalas/linorobot2_ws/src/obstacle_perception/install/obstacle_perception/share/obstacle_perception/launch
/home/pitosalas/linorobot2_ws/src/obstacle_perception/install/obstacle_perception/share/obstacle_perception/launch/bringup.yaml
/home/pitosalas/linorobot2_ws/src/obstacle_perception/install/obstacle_perception/share/obstacle_perception/config/local_costmap_params.yaml
/home/pitosalas/linorobot2_ws/src/obstacle_perception/install/obstacle_perception/share/obstacle_perception/config/local_costmap.yaml
/home/pitosalas/linorobot2_ws/src/obstacle_perception/install/obstacle_perception/lib/python3.12/site-packages/obstacle_perception-0.0.1-py3.12.egg-info/zip-safe
/home/pitosalas/linorobot2_ws/src/obstacle_perception/install/obstacle_perception/lib/python3.12/site-packages/obstacle_perception-0.0.1-py3.12.egg-info/SOURCES.txt
/home/pitosalas/linorobot2_ws/src/obstacle_perception/install/obstacle_perception/lib/python3.12/site-packages/obstacle_perception-0.0.1-py3.12.egg-info/top_level.txt
/home/pitosalas/linorobot2_ws/src/obstacle_perception/install/obstacle_perception/lib/python3.12/site-packages/obstacle_perception-0.0.1-py3.12.egg-info/PKG-INFO
/home/pitosalas/linorobot2_ws/src/obstacle_perception/install/obstacle_perception/lib/python3.12/site-packages/obstacle_perception-0.0.1-py3.12.egg-info/entry_points.txt
/home/pitosalas/linorobot2_ws/src/obstacle_perception/install/obstacle_perception/lib/python3.12/site-packages/obstacle_perception-0.0.1-py3.12.egg-info/requires.txt
/home/pitosalas/linorobot2_ws/src/obstacle_perception/install/obstacle_perception/lib/python3.12/site-packages/obstacle_perception-0.0.1-py3.12.egg-info/dependency_links.txt
/home/pitosalas/linorobot2_ws/src/obstacle_perception/install/obstacle_perception/lib/obstacle_perception/costmap_subscriber
/home/pitosalas/linorobot2_ws/src/obstacle_perception/install/obstacle_perception/lib/obstacle_perception/explore_purposeful
/home/pitosalas/linorobot2_ws/src/obstacle_perception/install/obstacle_perception/lib/obstacle_perception/explorer_node
