[4.482s] Invoking command in '/home/pitosalas/linorobot2_ws/src/obper': PYTHONPATH=/home/pitosalas/linorobot2_ws/src/obper/build/obper/prefix_override:/usr/lib/python3/dist-packages/colcon_core/task/python/colcon_distutils_commands:/home/pitosalas/linorobot2_ws/src/obper/install/obper/lib/python3.12/site-packages:${PYTHONPATH} /usr/bin/python3 -W ignore:setup.py install is deprecated -W ignore:easy_install command is deprecated setup.py egg_info --egg-base build/obper build --build-base /home/pitosalas/linorobot2_ws/src/obper/build/obper/build install --record /home/pitosalas/linorobot2_ws/src/obper/build/obper/install.log --single-version-externally-managed install_data
[5.992s] running egg_info
[6.104s] writing build/obper/obper.egg-info/PKG-INFO
[6.105s] writing dependency_links to build/obper/obper.egg-info/dependency_links.txt
[6.106s] writing entry points to build/obper/obper.egg-info/entry_points.txt
[6.107s] writing requirements to build/obper/obper.egg-info/requires.txt
[6.108s] writing top-level names to build/obper/obper.egg-info/top_level.txt
[6.365s] reading manifest file 'build/obper/obper.egg-info/SOURCES.txt'
[6.369s] writing manifest file 'build/obper/obper.egg-info/SOURCES.txt'
[6.369s] running build
[6.370s] running build_py
[6.372s] running install
[6.397s] running install_lib
[6.513s] running install_data
[6.514s] running install_egg_info
[6.636s] removing '/home/pitosalas/linorobot2_ws/src/obper/install/obper/lib/python3.12/site-packages/obper-0.0.1-py3.12.egg-info' (and everything under it)
[6.638s] Copying build/obper/obper.egg-info to /home/pitosalas/linorobot2_ws/src/obper/install/obper/lib/python3.12/site-packages/obper-0.0.1-py3.12.egg-info
[6.645s] running install_scripts
[7.471s] Installing costmap_subscriber script to /home/pitosalas/linorobot2_ws/src/obper/install/obper/lib/obper
[7.472s] Installing explore2 script to /home/pitosalas/linorobot2_ws/src/obper/install/obper/lib/obper
[7.473s] Installing explorer_node script to /home/pitosalas/linorobot2_ws/src/obper/install/obper/lib/obper
[7.475s] writing list of installed files to '/home/pitosalas/linorobot2_ws/src/obper/build/obper/install.log'
[7.628s] Invoked command in '/home/pitosalas/linorobot2_ws/src/obper' returned '0': PYTHONPATH=/home/pitosalas/linorobot2_ws/src/obper/build/obper/prefix_override:/usr/lib/python3/dist-packages/colcon_core/task/python/colcon_distutils_commands:/home/pitosalas/linorobot2_ws/src/obper/install/obper/lib/python3.12/site-packages:${PYTHONPATH} /usr/bin/python3 -W ignore:setup.py install is deprecated -W ignore:easy_install command is deprecated setup.py egg_info --egg-base build/obper build --build-base /home/pitosalas/linorobot2_ws/src/obper/build/obper/build install --record /home/pitosalas/linorobot2_ws/src/obper/build/obper/install.log --single-version-externally-managed install_data
