[0.495s] DEBUG:colcon:Command line arguments: ['/usr/bin/colcon', 'build', '--packages-select', 'obstacle_perception', '--cmake-clean-cache']
[0.495s] DEBUG:colcon:Parsed command line arguments: Namespace(log_base=None, log_level=None, verb_name='build', build_base='build', install_base='install', merge_install=False, symlink_install=False, test_result_base=None, continue_on_error=False, executor='parallel', parallel_workers=4, event_handlers=None, ignore_user_meta=False, metas=['./colcon.meta'], base_paths=['.'], packages_ignore=None, packages_ignore_regex=None, paths=None, packages_up_to=None, packages_up_to_regex=None, packages_above=None, packages_above_and_dependencies=None, packages_above_depth=None, packages_select_by_dep=None, packages_skip_by_dep=None, packages_skip_up_to=None, packages_select_build_failed=False, packages_skip_build_finished=False, packages_select_test_failures=False, packages_skip_test_passed=False, packages_select=['obstacle_perception'], packages_skip=None, packages_select_regex=None, packages_skip_regex=None, packages_start=None, packages_end=None, allow_overriding=[], cmake_args=None, cmake_target=None, cmake_target_skip_unavailable=False, cmake_clean_cache=True, cmake_clean_first=False, cmake_force_configure=False, ament_cmake_args=None, catkin_cmake_args=None, catkin_skip_building_tests=False, mixin_files=None, mixin=None, verb_parser=<colcon_mixin.mixin.mixin_argument.MixinArgumentDecorator object at 0xffff99fc8800>, verb_extension=<colcon_core.verb.build.BuildVerb object at 0xffff99fc8560>, main=<bound method BuildVerb.main of <colcon_core.verb.build.BuildVerb object at 0xffff99fc8560>>, mixin_verb=('build',))
[0.670s] Level 1:colcon.colcon_core.package_discovery:discover_packages(colcon_meta) check parameters
[0.671s] Level 1:colcon.colcon_core.package_discovery:discover_packages(recursive) check parameters
[0.671s] Level 1:colcon.colcon_core.package_discovery:discover_packages(ignore) check parameters
[0.671s] Level 1:colcon.colcon_core.package_discovery:discover_packages(path) check parameters
[0.671s] Level 1:colcon.colcon_core.package_discovery:discover_packages(colcon_meta) discover
[0.671s] Level 1:colcon.colcon_core.package_discovery:discover_packages(recursive) discover
[0.671s] INFO:colcon.colcon_core.package_discovery:Crawling recursively for packages in '/home/pitosalas/linorobot2_ws/src/obstacle_perception'
[0.672s] Level 1:colcon.colcon_core.package_identification:_identify(.) by extensions ['ignore', 'ignore_ament_install']
[0.672s] Level 1:colcon.colcon_core.package_identification:_identify(.) by extension 'ignore'
[0.672s] Level 1:colcon.colcon_core.package_identification:_identify(.) by extension 'ignore_ament_install'
[0.673s] Level 1:colcon.colcon_core.package_identification:_identify(.) by extensions ['colcon_pkg']
[0.673s] Level 1:colcon.colcon_core.package_identification:_identify(.) by extension 'colcon_pkg'
[0.673s] Level 1:colcon.colcon_core.package_identification:_identify(.) by extensions ['colcon_meta']
[0.673s] Level 1:colcon.colcon_core.package_identification:_identify(.) by extension 'colcon_meta'
[0.673s] Level 1:colcon.colcon_core.package_identification:_identify(.) by extensions ['ros']
[0.673s] Level 1:colcon.colcon_core.package_identification:_identify(.) by extension 'ros'
[0.787s] DEBUG:colcon.colcon_core.package_identification:Package '.' with type 'ros.ament_python' and name 'obstacle_perception'
[0.787s] Level 1:colcon.colcon_core.package_discovery:discover_packages(recursive) using defaults
[0.788s] Level 1:colcon.colcon_core.package_discovery:discover_packages(ignore) discover
[0.788s] Level 1:colcon.colcon_core.package_discovery:discover_packages(ignore) using defaults
[0.788s] Level 1:colcon.colcon_core.package_discovery:discover_packages(path) discover
[0.788s] Level 1:colcon.colcon_core.package_discovery:discover_packages(path) using defaults
[0.858s] Level 1:colcon.colcon_core.package_discovery:discover_packages(prefix_path) check parameters
[0.858s] Level 1:colcon.colcon_core.package_discovery:discover_packages(prefix_path) discover
[0.873s] DEBUG:colcon.colcon_installed_package_information.package_discovery:Found 16 installed packages in /home/pitosalas/linorobot2_ws/install
[0.875s] DEBUG:colcon.colcon_installed_package_information.package_discovery:Found 2 installed packages in /home/pitosalas/uros_ws/install
[0.889s] DEBUG:colcon.colcon_installed_package_information.package_discovery:Found 397 installed packages in /opt/ros/jazzy
[0.897s] Level 1:colcon.colcon_core.package_discovery:discover_packages(prefix_path) using defaults
[1.151s] Level 5:colcon.colcon_core.verb:set package 'obstacle_perception' build argument 'cmake_args' from command line to 'None'
[1.152s] Level 5:colcon.colcon_core.verb:set package 'obstacle_perception' build argument 'cmake_target' from command line to 'None'
[1.152s] Level 5:colcon.colcon_core.verb:set package 'obstacle_perception' build argument 'cmake_target_skip_unavailable' from command line to 'False'
[1.152s] Level 5:colcon.colcon_core.verb:set package 'obstacle_perception' build argument 'cmake_clean_cache' from command line to 'True'
[1.152s] Level 5:colcon.colcon_core.verb:set package 'obstacle_perception' build argument 'cmake_clean_first' from command line to 'False'
[1.152s] Level 5:colcon.colcon_core.verb:set package 'obstacle_perception' build argument 'cmake_force_configure' from command line to 'False'
[1.152s] Level 5:colcon.colcon_core.verb:set package 'obstacle_perception' build argument 'ament_cmake_args' from command line to 'None'
[1.152s] Level 5:colcon.colcon_core.verb:set package 'obstacle_perception' build argument 'catkin_cmake_args' from command line to 'None'
[1.152s] Level 5:colcon.colcon_core.verb:set package 'obstacle_perception' build argument 'catkin_skip_building_tests' from command line to 'False'
[1.152s] DEBUG:colcon.colcon_core.verb:Building package 'obstacle_perception' with the following arguments: {'ament_cmake_args': None, 'build_base': '/home/pitosalas/linorobot2_ws/src/obstacle_perception/build/obstacle_perception', 'catkin_cmake_args': None, 'catkin_skip_building_tests': False, 'cmake_args': None, 'cmake_clean_cache': True, 'cmake_clean_first': False, 'cmake_force_configure': False, 'cmake_target': None, 'cmake_target_skip_unavailable': False, 'install_base': '/home/pitosalas/linorobot2_ws/src/obstacle_perception/install/obstacle_perception', 'merge_install': False, 'path': '/home/pitosalas/linorobot2_ws/src/obstacle_perception', 'symlink_install': False, 'test_result_base': None}
[1.153s] INFO:colcon.colcon_core.executor:Executing jobs using 'parallel' executor
[1.156s] DEBUG:colcon.colcon_parallel_executor.executor.parallel:run_until_complete
[1.157s] INFO:colcon.colcon_ros.task.ament_python.build:Building ROS package in '/home/pitosalas/linorobot2_ws/src/obstacle_perception' with build type 'ament_python'
[1.158s] Level 1:colcon.colcon_core.shell:create_environment_hook('obstacle_perception', 'ament_prefix_path')
[1.166s] INFO:colcon.colcon_core.plugin_system:Skipping extension 'colcon_core.shell.bat': Not used on non-Windows systems
[1.167s] INFO:colcon.colcon_core.shell:Creating environment hook '/home/pitosalas/linorobot2_ws/src/obstacle_perception/install/obstacle_perception/share/obstacle_perception/hook/ament_prefix_path.ps1'
[1.170s] INFO:colcon.colcon_core.shell:Creating environment descriptor '/home/pitosalas/linorobot2_ws/src/obstacle_perception/install/obstacle_perception/share/obstacle_perception/hook/ament_prefix_path.dsv'
[1.172s] INFO:colcon.colcon_core.shell:Creating environment hook '/home/pitosalas/linorobot2_ws/src/obstacle_perception/install/obstacle_perception/share/obstacle_perception/hook/ament_prefix_path.sh'
[1.175s] INFO:colcon.colcon_core.shell:Skip shell extension 'powershell' for command environment: Not usable outside of PowerShell
[1.176s] DEBUG:colcon.colcon_core.shell:Skip shell extension 'dsv' for command environment
[2.293s] INFO:colcon.colcon_core.task.python.build:Building Python package in '/home/pitosalas/linorobot2_ws/src/obstacle_perception'
[2.294s] INFO:colcon.colcon_core.shell:Skip shell extension 'powershell' for command environment: Not usable outside of PowerShell
[2.294s] DEBUG:colcon.colcon_core.shell:Skip shell extension 'dsv' for command environment
[5.331s] DEBUG:colcon.colcon_core.event_handler.log_command:Invoking command in '/home/pitosalas/linorobot2_ws/src/obstacle_perception': PS1=[\h:\w] PYTHONPATH=/home/pitosalas/linorobot2_ws/src/obstacle_perception/build/obstacle_perception/prefix_override:/usr/lib/python3/dist-packages/colcon_core/task/python/colcon_distutils_commands:/home/pitosalas/linorobot2_ws/src/obstacle_perception/install/obstacle_perception/lib/python3.12/site-packages:${PYTHONPATH} /usr/bin/python3 -W ignore:setup.py install is deprecated -W ignore:easy_install command is deprecated setup.py egg_info --egg-base build/obstacle_perception build --build-base /home/pitosalas/linorobot2_ws/src/obstacle_perception/build/obstacle_perception/build install --record /home/pitosalas/linorobot2_ws/src/obstacle_perception/build/obstacle_perception/install.log --single-version-externally-managed install_data
[8.269s] DEBUG:colcon.colcon_core.event_handler.log_command:Invoked command in '/home/pitosalas/linorobot2_ws/src/obstacle_perception' returned '0': PS1=[\h:\w] PYTHONPATH=/home/pitosalas/linorobot2_ws/src/obstacle_perception/build/obstacle_perception/prefix_override:/usr/lib/python3/dist-packages/colcon_core/task/python/colcon_distutils_commands:/home/pitosalas/linorobot2_ws/src/obstacle_perception/install/obstacle_perception/lib/python3.12/site-packages:${PYTHONPATH} /usr/bin/python3 -W ignore:setup.py install is deprecated -W ignore:easy_install command is deprecated setup.py egg_info --egg-base build/obstacle_perception build --build-base /home/pitosalas/linorobot2_ws/src/obstacle_perception/build/obstacle_perception/build install --record /home/pitosalas/linorobot2_ws/src/obstacle_perception/build/obstacle_perception/install.log --single-version-externally-managed install_data
[8.278s] Level 1:colcon.colcon_core.environment:checking '/home/pitosalas/linorobot2_ws/src/obstacle_perception/install/obstacle_perception' for CMake module files
[8.281s] Level 1:colcon.colcon_core.environment:checking '/home/pitosalas/linorobot2_ws/src/obstacle_perception/install/obstacle_perception' for CMake config files
[8.285s] Level 1:colcon.colcon_core.environment:checking '/home/pitosalas/linorobot2_ws/src/obstacle_perception/install/obstacle_perception/lib'
[8.286s] Level 1:colcon.colcon_core.environment:checking '/home/pitosalas/linorobot2_ws/src/obstacle_perception/install/obstacle_perception/bin'
[8.286s] Level 1:colcon.colcon_core.environment:checking '/home/pitosalas/linorobot2_ws/src/obstacle_perception/install/obstacle_perception/lib/pkgconfig/obstacle_perception.pc'
[8.287s] Level 1:colcon.colcon_core.environment:checking '/home/pitosalas/linorobot2_ws/src/obstacle_perception/install/obstacle_perception/lib/python3.12/site-packages'
[8.288s] Level 1:colcon.colcon_core.shell:create_environment_hook('obstacle_perception', 'pythonpath')
[8.288s] INFO:colcon.colcon_core.shell:Creating environment hook '/home/pitosalas/linorobot2_ws/src/obstacle_perception/install/obstacle_perception/share/obstacle_perception/hook/pythonpath.ps1'
[8.290s] INFO:colcon.colcon_core.shell:Creating environment descriptor '/home/pitosalas/linorobot2_ws/src/obstacle_perception/install/obstacle_perception/share/obstacle_perception/hook/pythonpath.dsv'
[8.292s] INFO:colcon.colcon_core.shell:Creating environment hook '/home/pitosalas/linorobot2_ws/src/obstacle_perception/install/obstacle_perception/share/obstacle_perception/hook/pythonpath.sh'
[8.294s] Level 1:colcon.colcon_core.environment:checking '/home/pitosalas/linorobot2_ws/src/obstacle_perception/install/obstacle_perception/bin'
[8.295s] Level 1:colcon.colcon_core.environment:create_environment_scripts_only(obstacle_perception)
[8.296s] INFO:colcon.colcon_core.shell:Creating package script '/home/pitosalas/linorobot2_ws/src/obstacle_perception/install/obstacle_perception/share/obstacle_perception/package.ps1'
[8.298s] INFO:colcon.colcon_core.shell:Creating package descriptor '/home/pitosalas/linorobot2_ws/src/obstacle_perception/install/obstacle_perception/share/obstacle_perception/package.dsv'
[8.300s] INFO:colcon.colcon_core.shell:Creating package script '/home/pitosalas/linorobot2_ws/src/obstacle_perception/install/obstacle_perception/share/obstacle_perception/package.sh'
[8.303s] INFO:colcon.colcon_core.shell:Creating package script '/home/pitosalas/linorobot2_ws/src/obstacle_perception/install/obstacle_perception/share/obstacle_perception/package.bash'
[8.306s] INFO:colcon.colcon_core.shell:Creating package script '/home/pitosalas/linorobot2_ws/src/obstacle_perception/install/obstacle_perception/share/obstacle_perception/package.zsh'
[8.308s] Level 1:colcon.colcon_core.environment:create_file_with_runtime_dependencies(/home/pitosalas/linorobot2_ws/src/obstacle_perception/install/obstacle_perception/share/colcon-core/packages/obstacle_perception)
[8.309s] DEBUG:colcon.colcon_parallel_executor.executor.parallel:closing loop
[8.311s] DEBUG:colcon.colcon_parallel_executor.executor.parallel:loop closed
[8.311s] DEBUG:colcon.colcon_parallel_executor.executor.parallel:run_until_complete finished with '0'
[8.311s] DEBUG:colcon.colcon_core.event_reactor:joining thread
[8.336s] INFO:colcon.colcon_core.plugin_system:Skipping extension 'colcon_notification.desktop_notification.notify_send': Could not find 'notify-send'
[8.336s] INFO:colcon.colcon_core.plugin_system:Skipping extension 'colcon_notification.desktop_notification.terminal_notifier': Not used on non-Darwin systems
[8.336s] INFO:colcon.colcon_core.plugin_system:Skipping extension 'colcon_notification.desktop_notification.win32': Not used on non-Windows systems
[8.336s] INFO:colcon.colcon_notification.desktop_notification:Sending desktop notification using 'notify2'
[8.339s] DEBUG:colcon.colcon_notification.desktop_notification.notify2:Failed to initialize notify2: org.freedesktop.DBus.Error.ServiceUnknown: The name org.freedesktop.Notifications was not provided by any .service files
[8.340s] DEBUG:colcon.colcon_core.event_reactor:joined thread
[8.340s] INFO:colcon.colcon_core.shell:Creating prefix script '/home/pitosalas/linorobot2_ws/src/obstacle_perception/install/local_setup.ps1'
[8.343s] INFO:colcon.colcon_core.shell:Creating prefix util module '/home/pitosalas/linorobot2_ws/src/obstacle_perception/install/_local_setup_util_ps1.py'
[8.347s] INFO:colcon.colcon_core.shell:Creating prefix chain script '/home/pitosalas/linorobot2_ws/src/obstacle_perception/install/setup.ps1'
[8.357s] INFO:colcon.colcon_core.shell:Creating prefix script '/home/pitosalas/linorobot2_ws/src/obstacle_perception/install/local_setup.sh'
[8.359s] INFO:colcon.colcon_core.shell:Creating prefix util module '/home/pitosalas/linorobot2_ws/src/obstacle_perception/install/_local_setup_util_sh.py'
[8.362s] INFO:colcon.colcon_core.shell:Creating prefix chain script '/home/pitosalas/linorobot2_ws/src/obstacle_perception/install/setup.sh'
[8.370s] INFO:colcon.colcon_core.shell:Creating prefix script '/home/pitosalas/linorobot2_ws/src/obstacle_perception/install/local_setup.bash'
[8.372s] INFO:colcon.colcon_core.shell:Creating prefix chain script '/home/pitosalas/linorobot2_ws/src/obstacle_perception/install/setup.bash'
[8.381s] INFO:colcon.colcon_core.shell:Creating prefix script '/home/pitosalas/linorobot2_ws/src/obstacle_perception/install/local_setup.zsh'
[8.383s] INFO:colcon.colcon_core.shell:Creating prefix chain script '/home/pitosalas/linorobot2_ws/src/obstacle_perception/install/setup.zsh'
