[4.561s] Invoking command in '/home/pitosalas/linorobot2_ws/src/obper': PYTHONPATH=/home/pitosalas/linorobot2_ws/src/obper/build/obper/prefix_override:/usr/lib/python3/dist-packages/colcon_core/task/python/colcon_distutils_commands:/home/pitosalas/linorobot2_ws/src/obper/install/obper/lib/python3.12/site-packages:${PYTHONPATH} /usr/bin/python3 -W ignore:setup.py install is deprecated -W ignore:easy_install command is deprecated setup.py egg_info --egg-base build/obper build --build-base /home/pitosalas/linorobot2_ws/src/obper/build/obper/build install --record /home/pitosalas/linorobot2_ws/src/obper/build/obper/install.log --single-version-externally-managed install_data
[6.006s] running egg_info
[6.117s] writing build/obper/obper.egg-info/PKG-INFO
[6.118s] writing dependency_links to build/obper/obper.egg-info/dependency_links.txt
[6.119s] writing entry points to build/obper/obper.egg-info/entry_points.txt
[6.120s] writing requirements to build/obper/obper.egg-info/requires.txt
[6.121s] writing top-level names to build/obper/obper.egg-info/top_level.txt
[6.375s] reading manifest file 'build/obper/obper.egg-info/SOURCES.txt'
[6.379s] writing manifest file 'build/obper/obper.egg-info/SOURCES.txt'
[6.380s] running build
[6.380s] running build_py
[6.382s] copying obper/costmap_subsciber.py -> /home/pitosalas/linorobot2_ws/src/obper/build/obper/build/lib/obper
[6.383s] running install
[6.407s] running install_lib
[6.517s] copying /home/pitosalas/linorobot2_ws/src/obper/build/obper/build/lib/obper/costmap_subsciber.py -> /home/pitosalas/linorobot2_ws/src/obper/install/obper/lib/python3.12/site-packages/obper
[6.521s] byte-compiling /home/pitosalas/linorobot2_ws/src/obper/install/obper/lib/python3.12/site-packages/obper/costmap_subsciber.py to costmap_subsciber.cpython-312.pyc
[6.527s] running install_data
[6.528s] running install_egg_info
[6.652s] removing '/home/pitosalas/linorobot2_ws/src/obper/install/obper/lib/python3.12/site-packages/obper-0.0.1-py3.12.egg-info' (and everything under it)
[6.654s] Copying build/obper/obper.egg-info to /home/pitosalas/linorobot2_ws/src/obper/install/obper/lib/python3.12/site-packages/obper-0.0.1-py3.12.egg-info
[6.660s] running install_scripts
[7.493s] Installing costmap_subscriber script to /home/pitosalas/linorobot2_ws/src/obper/install/obper/lib/obper
[7.494s] Installing explore2 script to /home/pitosalas/linorobot2_ws/src/obper/install/obper/lib/obper
[7.495s] Installing explorer_node script to /home/pitosalas/linorobot2_ws/src/obper/install/obper/lib/obper
[7.496s] writing list of installed files to '/home/pitosalas/linorobot2_ws/src/obper/build/obper/install.log'
[7.646s] Invoked command in '/home/pitosalas/linorobot2_ws/src/obper' returned '0': PYTHONPATH=/home/pitosalas/linorobot2_ws/src/obper/build/obper/prefix_override:/usr/lib/python3/dist-packages/colcon_core/task/python/colcon_distutils_commands:/home/pitosalas/linorobot2_ws/src/obper/install/obper/lib/python3.12/site-packages:${PYTHONPATH} /usr/bin/python3 -W ignore:setup.py install is deprecated -W ignore:easy_install command is deprecated setup.py egg_info --egg-base build/obper build --build-base /home/pitosalas/linorobot2_ws/src/obper/build/obper/build install --record /home/pitosalas/linorobot2_ws/src/obper/build/obper/install.log --single-version-externally-managed install_data
