[1.011s] DEBUG:colcon:Command line arguments: ['/usr/bin/colcon', 'build', '--packages-select', 'obper']
[1.012s] DEBUG:colcon:Parsed command line arguments: Namespace(log_base=None, log_level=None, verb_name='build', build_base='build', install_base='install', merge_install=False, symlink_install=False, test_result_base=None, continue_on_error=False, executor='parallel', parallel_workers=4, event_handlers=None, ignore_user_meta=False, metas=['./colcon.meta'], base_paths=['.'], packages_ignore=None, packages_ignore_regex=None, paths=None, packages_up_to=None, packages_up_to_regex=None, packages_above=None, packages_above_and_dependencies=None, packages_above_depth=None, packages_select_by_dep=None, packages_skip_by_dep=None, packages_skip_up_to=None, packages_select_build_failed=False, packages_skip_build_finished=False, packages_select_test_failures=False, packages_skip_test_passed=False, packages_select=['obper'], packages_skip=None, packages_select_regex=None, packages_skip_regex=None, packages_start=None, packages_end=None, allow_overriding=[], cmake_args=None, cmake_target=None, cmake_target_skip_unavailable=False, cmake_clean_cache=False, cmake_clean_first=False, cmake_force_configure=False, ament_cmake_args=None, catkin_cmake_args=None, catkin_skip_building_tests=False, mixin_files=None, mixin=None, verb_parser=<colcon_mixin.mixin.mixin_argument.MixinArgumentDecorator object at 0xffff93644bf0>, verb_extension=<colcon_core.verb.build.BuildVerb object at 0xffff936448c0>, main=<bound method BuildVerb.main of <colcon_core.verb.build.BuildVerb object at 0xffff936448c0>>, mixin_verb=('build',))
[1.275s] Level 1:colcon.colcon_core.package_discovery:discover_packages(colcon_meta) check parameters
[1.276s] Level 1:colcon.colcon_core.package_discovery:discover_packages(recursive) check parameters
[1.276s] Level 1:colcon.colcon_core.package_discovery:discover_packages(ignore) check parameters
[1.276s] Level 1:colcon.colcon_core.package_discovery:discover_packages(path) check parameters
[1.277s] Level 1:colcon.colcon_core.package_discovery:discover_packages(colcon_meta) discover
[1.277s] Level 1:colcon.colcon_core.package_discovery:discover_packages(recursive) discover
[1.277s] INFO:colcon.colcon_core.package_discovery:Crawling recursively for packages in '/home/pitosalas/linorobot2_ws/src/obper'
[1.278s] Level 1:colcon.colcon_core.package_identification:_identify(.) by extensions ['ignore', 'ignore_ament_install']
[1.279s] Level 1:colcon.colcon_core.package_identification:_identify(.) by extension 'ignore'
[1.279s] Level 1:colcon.colcon_core.package_identification:_identify(.) by extension 'ignore_ament_install'
[1.280s] Level 1:colcon.colcon_core.package_identification:_identify(.) by extensions ['colcon_pkg']
[1.280s] Level 1:colcon.colcon_core.package_identification:_identify(.) by extension 'colcon_pkg'
[1.280s] Level 1:colcon.colcon_core.package_identification:_identify(.) by extensions ['colcon_meta']
[1.280s] Level 1:colcon.colcon_core.package_identification:_identify(.) by extension 'colcon_meta'
[1.281s] Level 1:colcon.colcon_core.package_identification:_identify(.) by extensions ['ros']
[1.281s] Level 1:colcon.colcon_core.package_identification:_identify(.) by extension 'ros'
[1.434s] DEBUG:colcon.colcon_core.package_identification:Package '.' with type 'ros.ament_python' and name 'obper'
[1.435s] Level 1:colcon.colcon_core.package_discovery:discover_packages(recursive) using defaults
[1.435s] Level 1:colcon.colcon_core.package_discovery:discover_packages(ignore) discover
[1.436s] Level 1:colcon.colcon_core.package_discovery:discover_packages(ignore) using defaults
[1.436s] Level 1:colcon.colcon_core.package_discovery:discover_packages(path) discover
[1.437s] Level 1:colcon.colcon_core.package_discovery:discover_packages(path) using defaults
[1.552s] Level 1:colcon.colcon_core.package_discovery:discover_packages(prefix_path) check parameters
[1.552s] Level 1:colcon.colcon_core.package_discovery:discover_packages(prefix_path) discover
[1.572s] DEBUG:colcon.colcon_installed_package_information.package_discovery:Found 16 installed packages in /home/pitosalas/linorobot2_ws/install
[1.576s] DEBUG:colcon.colcon_installed_package_information.package_discovery:Found 2 installed packages in /home/pitosalas/uros_ws/install
[1.591s] DEBUG:colcon.colcon_installed_package_information.package_discovery:Found 397 installed packages in /opt/ros/jazzy
[1.600s] Level 1:colcon.colcon_core.package_discovery:discover_packages(prefix_path) using defaults
[1.994s] Level 5:colcon.colcon_core.verb:set package 'obper' build argument 'cmake_args' from command line to 'None'
[1.995s] Level 5:colcon.colcon_core.verb:set package 'obper' build argument 'cmake_target' from command line to 'None'
[1.995s] Level 5:colcon.colcon_core.verb:set package 'obper' build argument 'cmake_target_skip_unavailable' from command line to 'False'
[1.995s] Level 5:colcon.colcon_core.verb:set package 'obper' build argument 'cmake_clean_cache' from command line to 'False'
[1.995s] Level 5:colcon.colcon_core.verb:set package 'obper' build argument 'cmake_clean_first' from command line to 'False'
[1.996s] Level 5:colcon.colcon_core.verb:set package 'obper' build argument 'cmake_force_configure' from command line to 'False'
[1.996s] Level 5:colcon.colcon_core.verb:set package 'obper' build argument 'ament_cmake_args' from command line to 'None'
[1.996s] Level 5:colcon.colcon_core.verb:set package 'obper' build argument 'catkin_cmake_args' from command line to 'None'
[1.996s] Level 5:colcon.colcon_core.verb:set package 'obper' build argument 'catkin_skip_building_tests' from command line to 'False'
[1.996s] DEBUG:colcon.colcon_core.verb:Building package 'obper' with the following arguments: {'ament_cmake_args': None, 'build_base': '/home/pitosalas/linorobot2_ws/src/obper/build/obper', 'catkin_cmake_args': None, 'catkin_skip_building_tests': False, 'cmake_args': None, 'cmake_clean_cache': False, 'cmake_clean_first': False, 'cmake_force_configure': False, 'cmake_target': None, 'cmake_target_skip_unavailable': False, 'install_base': '/home/pitosalas/linorobot2_ws/src/obper/install/obper', 'merge_install': False, 'path': '/home/pitosalas/linorobot2_ws/src/obper', 'symlink_install': False, 'test_result_base': None}
[1.997s] INFO:colcon.colcon_core.executor:Executing jobs using 'parallel' executor
[2.001s] DEBUG:colcon.colcon_parallel_executor.executor.parallel:run_until_complete
[2.002s] INFO:colcon.colcon_ros.task.ament_python.build:Building ROS package in '/home/pitosalas/linorobot2_ws/src/obper' with build type 'ament_python'
[2.003s] Level 1:colcon.colcon_core.shell:create_environment_hook('obper', 'ament_prefix_path')
[2.015s] INFO:colcon.colcon_core.plugin_system:Skipping extension 'colcon_core.shell.bat': Not used on non-Windows systems
[2.016s] INFO:colcon.colcon_core.shell:Creating environment hook '/home/pitosalas/linorobot2_ws/src/obper/install/obper/share/obper/hook/ament_prefix_path.ps1'
[2.019s] INFO:colcon.colcon_core.shell:Creating environment descriptor '/home/pitosalas/linorobot2_ws/src/obper/install/obper/share/obper/hook/ament_prefix_path.dsv'
[2.021s] INFO:colcon.colcon_core.shell:Creating environment hook '/home/pitosalas/linorobot2_ws/src/obper/install/obper/share/obper/hook/ament_prefix_path.sh'
[2.024s] INFO:colcon.colcon_core.shell:Skip shell extension 'powershell' for command environment: Not usable outside of PowerShell
[2.025s] DEBUG:colcon.colcon_core.shell:Skip shell extension 'dsv' for command environment
[3.890s] INFO:colcon.colcon_core.task.python.build:Building Python package in '/home/pitosalas/linorobot2_ws/src/obper'
[3.892s] INFO:colcon.colcon_core.shell:Skip shell extension 'powershell' for command environment: Not usable outside of PowerShell
[3.893s] DEBUG:colcon.colcon_core.shell:Skip shell extension 'dsv' for command environment
[9.695s] DEBUG:colcon.colcon_core.event_handler.log_command:Invoking command in '/home/pitosalas/linorobot2_ws/src/obper': PYTHONPATH=/home/pitosalas/linorobot2_ws/src/obper/build/obper/prefix_override:/usr/lib/python3/dist-packages/colcon_core/task/python/colcon_distutils_commands:/home/pitosalas/linorobot2_ws/src/obper/install/obper/lib/python3.12/site-packages:${PYTHONPATH} /usr/bin/python3 -W ignore:setup.py install is deprecated -W ignore:easy_install command is deprecated setup.py egg_info --egg-base build/obper build --build-base /home/pitosalas/linorobot2_ws/src/obper/build/obper/build install --record /home/pitosalas/linorobot2_ws/src/obper/build/obper/install.log --single-version-externally-managed install_data
[14.708s] DEBUG:colcon.colcon_core.event_handler.log_command:Invoked command in '/home/pitosalas/linorobot2_ws/src/obper' returned '0': PYTHONPATH=/home/pitosalas/linorobot2_ws/src/obper/build/obper/prefix_override:/usr/lib/python3/dist-packages/colcon_core/task/python/colcon_distutils_commands:/home/pitosalas/linorobot2_ws/src/obper/install/obper/lib/python3.12/site-packages:${PYTHONPATH} /usr/bin/python3 -W ignore:setup.py install is deprecated -W ignore:easy_install command is deprecated setup.py egg_info --egg-base build/obper build --build-base /home/pitosalas/linorobot2_ws/src/obper/build/obper/build install --record /home/pitosalas/linorobot2_ws/src/obper/build/obper/install.log --single-version-externally-managed install_data
[14.717s] Level 1:colcon.colcon_core.environment:checking '/home/pitosalas/linorobot2_ws/src/obper/install/obper' for CMake module files
[14.721s] Level 1:colcon.colcon_core.environment:checking '/home/pitosalas/linorobot2_ws/src/obper/install/obper' for CMake config files
[14.726s] Level 1:colcon.colcon_core.environment:checking '/home/pitosalas/linorobot2_ws/src/obper/install/obper/lib'
[14.727s] Level 1:colcon.colcon_core.environment:checking '/home/pitosalas/linorobot2_ws/src/obper/install/obper/bin'
[14.727s] Level 1:colcon.colcon_core.environment:checking '/home/pitosalas/linorobot2_ws/src/obper/install/obper/lib/pkgconfig/obper.pc'
[14.728s] Level 1:colcon.colcon_core.environment:checking '/home/pitosalas/linorobot2_ws/src/obper/install/obper/lib/python3.12/site-packages'
[14.728s] Level 1:colcon.colcon_core.shell:create_environment_hook('obper', 'pythonpath')
[14.729s] INFO:colcon.colcon_core.shell:Creating environment hook '/home/pitosalas/linorobot2_ws/src/obper/install/obper/share/obper/hook/pythonpath.ps1'
[14.731s] INFO:colcon.colcon_core.shell:Creating environment descriptor '/home/pitosalas/linorobot2_ws/src/obper/install/obper/share/obper/hook/pythonpath.dsv'
[14.733s] INFO:colcon.colcon_core.shell:Creating environment hook '/home/pitosalas/linorobot2_ws/src/obper/install/obper/share/obper/hook/pythonpath.sh'
[14.737s] Level 1:colcon.colcon_core.environment:checking '/home/pitosalas/linorobot2_ws/src/obper/install/obper/bin'
[14.737s] Level 1:colcon.colcon_core.environment:create_environment_scripts_only(obper)
[14.738s] INFO:colcon.colcon_core.shell:Creating package script '/home/pitosalas/linorobot2_ws/src/obper/install/obper/share/obper/package.ps1'
[14.742s] INFO:colcon.colcon_core.shell:Creating package descriptor '/home/pitosalas/linorobot2_ws/src/obper/install/obper/share/obper/package.dsv'
[14.744s] INFO:colcon.colcon_core.shell:Creating package script '/home/pitosalas/linorobot2_ws/src/obper/install/obper/share/obper/package.sh'
[14.747s] INFO:colcon.colcon_core.shell:Creating package script '/home/pitosalas/linorobot2_ws/src/obper/install/obper/share/obper/package.bash'
[14.751s] INFO:colcon.colcon_core.shell:Creating package script '/home/pitosalas/linorobot2_ws/src/obper/install/obper/share/obper/package.zsh'
[14.753s] Level 1:colcon.colcon_core.environment:create_file_with_runtime_dependencies(/home/pitosalas/linorobot2_ws/src/obper/install/obper/share/colcon-core/packages/obper)
[14.755s] DEBUG:colcon.colcon_parallel_executor.executor.parallel:closing loop
[14.756s] DEBUG:colcon.colcon_parallel_executor.executor.parallel:loop closed
[14.757s] DEBUG:colcon.colcon_parallel_executor.executor.parallel:run_until_complete finished with '0'
[14.757s] DEBUG:colcon.colcon_core.event_reactor:joining thread
[14.784s] INFO:colcon.colcon_core.plugin_system:Skipping extension 'colcon_notification.desktop_notification.notify_send': Could not find 'notify-send'
[14.785s] INFO:colcon.colcon_core.plugin_system:Skipping extension 'colcon_notification.desktop_notification.terminal_notifier': Not used on non-Darwin systems
[14.785s] INFO:colcon.colcon_core.plugin_system:Skipping extension 'colcon_notification.desktop_notification.win32': Not used on non-Windows systems
[14.785s] INFO:colcon.colcon_notification.desktop_notification:Sending desktop notification using 'notify2'
[14.788s] DEBUG:colcon.colcon_notification.desktop_notification.notify2:Failed to initialize notify2: org.freedesktop.DBus.Error.ServiceUnknown: The name org.freedesktop.Notifications was not provided by any .service files
[14.789s] DEBUG:colcon.colcon_core.event_reactor:joined thread
[14.790s] INFO:colcon.colcon_core.shell:Creating prefix script '/home/pitosalas/linorobot2_ws/src/obper/install/local_setup.ps1'
[14.793s] INFO:colcon.colcon_core.shell:Creating prefix util module '/home/pitosalas/linorobot2_ws/src/obper/install/_local_setup_util_ps1.py'
[14.797s] INFO:colcon.colcon_core.shell:Creating prefix chain script '/home/pitosalas/linorobot2_ws/src/obper/install/setup.ps1'
[14.810s] INFO:colcon.colcon_core.shell:Creating prefix script '/home/pitosalas/linorobot2_ws/src/obper/install/local_setup.sh'
[14.812s] INFO:colcon.colcon_core.shell:Creating prefix util module '/home/pitosalas/linorobot2_ws/src/obper/install/_local_setup_util_sh.py'
[14.815s] INFO:colcon.colcon_core.shell:Creating prefix chain script '/home/pitosalas/linorobot2_ws/src/obper/install/setup.sh'
[14.825s] INFO:colcon.colcon_core.shell:Creating prefix script '/home/pitosalas/linorobot2_ws/src/obper/install/local_setup.bash'
[14.827s] INFO:colcon.colcon_core.shell:Creating prefix chain script '/home/pitosalas/linorobot2_ws/src/obper/install/setup.bash'
[14.837s] INFO:colcon.colcon_core.shell:Creating prefix script '/home/pitosalas/linorobot2_ws/src/obper/install/local_setup.zsh'
[14.840s] INFO:colcon.colcon_core.shell:Creating prefix chain script '/home/pitosalas/linorobot2_ws/src/obper/install/setup.zsh'
